<?xml version="1.0" encoding="UTF-8"?>
<!-- Generated by org.testng.reporters.JUnitReportReporter -->
<testsuite hostname="CHUTNEYYs-LAPTOP" failures="0" tests="1" name="orangeProject.testcases.TestCaseDemo" time="4.436" errors="0" timestamp="2025-07-18T00:01:25 IST" skipped="0">
  <testcase classname="orangeProject.testcases.TestCaseDemo" name="TestCheck" time="4.436"/>
</testsuite> <!-- orangeProject.testcases.TestCaseDemo -->
