<?xml version="1.0" encoding="UTF-8"?>
<!-- Generated by org.testng.reporters.JUnitReportReporter -->
<testsuite hostname="XTEN-AV_1" failures="0" tests="1" name="orangeProject.testcases.TestCaseDemo" time="2.464" errors="0" timestamp="2025-07-18T18:55:42 IST" skipped="0">
  <testcase classname="orangeProject.testcases.TestCaseDemo" name="TestCheck" time="2.464"/>
</testsuite> <!-- orangeProject.testcases.TestCaseDemo -->
